================================================================================================== test session starts ===================================================================================================
platform linux -- Python 3.7.6, pytest-5.4.2, py-1.8.1, pluggy-0.13.1
rootdir: /home/jgates/work/dax_data_generator
plugins: flake8-1.0.6, subtests-0.3.1, xdist-1.32.0, cov-2.9.0, session2file-0.1.9, doctestplus-0.6.1, forked-1.1.2
collecting ... 
collected 0 items                                                                                                                                                                                                        

================================================================================================= [33mno tests ran[0m[33m in 0.01s[0m[33m ==================================================================================================
